TN:
SF:D:\BlockChain\workshop_01\contracts\Lock.sol
FN:13,constructor
FN:23,withdraw
FNF:2
FNH:2
FNDA:2,constructor
FNDA:5,withdraw
DA:14,2
DA:19,1
DA:20,1
DA:27,5
DA:28,4
DA:30,3
DA:32,3
LF:7
LH:7
BRDA:14,1,0,1
BRDA:14,1,1,1
BRDA:27,2,0,4
BRDA:27,2,1,1
BRDA:28,3,0,3
BRDA:28,3,1,1
BRF:6
BRH:6
end_of_record
TN:
SF:D:\BlockChain\workshop_01\contracts\Token.sol
FN:15,constructor
FN:21,mint
FNF:2
FNH:0
FNDA:0,constructor
FNDA:0,mint
DA:16,0
DA:17,0
DA:18,0
DA:22,0
DA:26,0
LF:5
LH:0
BRDA:21,1,0,0
BRDA:21,1,1,0
BRDA:22,2,0,0
BRDA:22,2,1,0
BRF:4
BRH:0
end_of_record
